<?xml version="1.0" encoding="UTF-8"?>
<testng-results ignored="0" total="1" passed="1" failed="0" skipped="0">
  <reporter-output>
  </reporter-output>
  <suite started-at="2021-06-03T18:22:34 EDT" name="Default suite" finished-at="2021-06-03T18:22:52 EDT" duration-ms="18566">
    <groups>
    </groups>
    <test started-at="2021-06-03T18:22:34 EDT" name="Default test" finished-at="2021-06-03T18:22:52 EDT" duration-ms="18566">
      <class name="Tests.LoginPageTest">
        <test-method is-config="true" signature="mcewancateringLogin()[pri:0, instance:Tests.LoginPageTest@3b07a0d6]" started-at="2021-06-03T18:22:34 EDT" name="mcewancateringLogin" finished-at="2021-06-03T18:22:44 EDT" duration-ms="9803" status="PASS">
          <reporter-output>
          </reporter-output>
        </test-method> <!-- mcewancateringLogin -->
        <test-method signature="Login()[pri:0, instance:Tests.LoginPageTest@3b07a0d6]" started-at="2021-06-03T18:22:44 EDT" name="Login" finished-at="2021-06-03T18:22:52 EDT" duration-ms="8698" status="PASS">
          <reporter-output>
          </reporter-output>
        </test-method> <!-- Login -->
      </class> <!-- Tests.LoginPageTest -->
    </test> <!-- Default test -->
  </suite> <!-- Default suite -->
</testng-results>
